[2024-10-02 01:13:59] local.ERROR: filemtime(): stat failed for C:\Users\Accor\Documents\Programacion\todo-vue-laravel\backend\.env {"exception":"[object] (ErrorException(code: 0): filemtime(): stat failed for C:\\Users\\Accor\\Documents\\Programacion\\todo-vue-laravel\\backend\\.env at C:\\Users\\Accor\\Documents\\Programacion\\todo-vue-laravel\\backend\\vendor\\laravel\\framework\\src\\Illuminate\\Foundation\\Console\\ServeCommand.php:102)
[stacktrace]
#0 C:\\Users\\Accor\\Documents\\Programacion\\todo-vue-laravel\\backend\\vendor\\laravel\\framework\\src\\Illuminate\\Foundation\\Bootstrap\\HandleExceptions.php(255): Illuminate\\Foundation\\Bootstrap\\HandleExceptions->handleError(2, 'filemtime(): st...', 'C:\\\\Users\\\\Accor\\\\...', 102)
#1 [internal function]: Illuminate\\Foundation\\Bootstrap\\HandleExceptions->Illuminate\\Foundation\\Bootstrap\\{closure}(2, 'filemtime(): st...', 'C:\\\\Users\\\\Accor\\\\...', 102)
#2 C:\\Users\\Accor\\Documents\\Programacion\\todo-vue-laravel\\backend\\vendor\\laravel\\framework\\src\\Illuminate\\Foundation\\Console\\ServeCommand.php(102): filemtime('C:\\\\Users\\\\Accor\\\\...')
#3 C:\\Users\\Accor\\Documents\\Programacion\\todo-vue-laravel\\backend\\vendor\\laravel\\framework\\src\\Illuminate\\Container\\BoundMethod.php(36): Illuminate\\Foundation\\Console\\ServeCommand->handle()
#4 C:\\Users\\Accor\\Documents\\Programacion\\todo-vue-laravel\\backend\\vendor\\laravel\\framework\\src\\Illuminate\\Container\\Util.php(41): Illuminate\\Container\\BoundMethod::Illuminate\\Container\\{closure}()
#5 C:\\Users\\Accor\\Documents\\Programacion\\todo-vue-laravel\\backend\\vendor\\laravel\\framework\\src\\Illuminate\\Container\\BoundMethod.php(93): Illuminate\\Container\\Util::unwrapIfClosure(Object(Closure))
#6 C:\\Users\\Accor\\Documents\\Programacion\\todo-vue-laravel\\backend\\vendor\\laravel\\framework\\src\\Illuminate\\Container\\BoundMethod.php(35): Illuminate\\Container\\BoundMethod::callBoundMethod(Object(Illuminate\\Foundation\\Application), Array, Object(Closure))
#7 C:\\Users\\Accor\\Documents\\Programacion\\todo-vue-laravel\\backend\\vendor\\laravel\\framework\\src\\Illuminate\\Container\\Container.php(662): Illuminate\\Container\\BoundMethod::call(Object(Illuminate\\Foundation\\Application), Array, Array, NULL)
#8 C:\\Users\\Accor\\Documents\\Programacion\\todo-vue-laravel\\backend\\vendor\\laravel\\framework\\src\\Illuminate\\Console\\Command.php(211): Illuminate\\Container\\Container->call(Array)
#9 C:\\Users\\Accor\\Documents\\Programacion\\todo-vue-laravel\\backend\\vendor\\symfony\\console\\Command\\Command.php(326): Illuminate\\Console\\Command->execute(Object(Symfony\\Component\\Console\\Input\\ArgvInput), Object(Illuminate\\Console\\OutputStyle))
#10 C:\\Users\\Accor\\Documents\\Programacion\\todo-vue-laravel\\backend\\vendor\\laravel\\framework\\src\\Illuminate\\Console\\Command.php(180): Symfony\\Component\\Console\\Command\\Command->run(Object(Symfony\\Component\\Console\\Input\\ArgvInput), Object(Illuminate\\Console\\OutputStyle))
#11 C:\\Users\\Accor\\Documents\\Programacion\\todo-vue-laravel\\backend\\vendor\\symfony\\console\\Application.php(1096): Illuminate\\Console\\Command->run(Object(Symfony\\Component\\Console\\Input\\ArgvInput), Object(Symfony\\Component\\Console\\Output\\ConsoleOutput))
#12 C:\\Users\\Accor\\Documents\\Programacion\\todo-vue-laravel\\backend\\vendor\\symfony\\console\\Application.php(324): Symfony\\Component\\Console\\Application->doRunCommand(Object(Illuminate\\Foundation\\Console\\ServeCommand), Object(Symfony\\Component\\Console\\Input\\ArgvInput), Object(Symfony\\Component\\Console\\Output\\ConsoleOutput))
#13 C:\\Users\\Accor\\Documents\\Programacion\\todo-vue-laravel\\backend\\vendor\\symfony\\console\\Application.php(175): Symfony\\Component\\Console\\Application->doRun(Object(Symfony\\Component\\Console\\Input\\ArgvInput), Object(Symfony\\Component\\Console\\Output\\ConsoleOutput))
#14 C:\\Users\\Accor\\Documents\\Programacion\\todo-vue-laravel\\backend\\vendor\\laravel\\framework\\src\\Illuminate\\Foundation\\Console\\Kernel.php(201): Symfony\\Component\\Console\\Application->run(Object(Symfony\\Component\\Console\\Input\\ArgvInput), Object(Symfony\\Component\\Console\\Output\\ConsoleOutput))
#15 C:\\Users\\Accor\\Documents\\Programacion\\todo-vue-laravel\\backend\\artisan(35): Illuminate\\Foundation\\Console\\Kernel->handle(Object(Symfony\\Component\\Console\\Input\\ArgvInput), Object(Symfony\\Component\\Console\\Output\\ConsoleOutput))
#16 {main}
"} 
[2024-10-02 01:28:46] testing.ERROR: No application encryption key has been specified. {"exception":"[object] (Illuminate\\Encryption\\MissingAppKeyException(code: 0): No application encryption key has been specified. at C:\\Users\\Accor\\Documents\\Programacion\\todo-vue-laravel\\backend\\vendor\\laravel\\framework\\src\\Illuminate\\Encryption\\EncryptionServiceProvider.php:79)
[stacktrace]
#0 C:\\Users\\Accor\\Documents\\Programacion\\todo-vue-laravel\\backend\\vendor\\laravel\\framework\\src\\Illuminate\\Support\\helpers.php(307): Illuminate\\Encryption\\EncryptionServiceProvider->Illuminate\\Encryption\\{closure}('')
#1 C:\\Users\\Accor\\Documents\\Programacion\\todo-vue-laravel\\backend\\vendor\\laravel\\framework\\src\\Illuminate\\Encryption\\EncryptionServiceProvider.php(77): tap('', Object(Closure))
#2 C:\\Users\\Accor\\Documents\\Programacion\\todo-vue-laravel\\backend\\vendor\\laravel\\framework\\src\\Illuminate\\Encryption\\EncryptionServiceProvider.php(60): Illuminate\\Encryption\\EncryptionServiceProvider->key(Array)
#3 C:\\Users\\Accor\\Documents\\Programacion\\todo-vue-laravel\\backend\\vendor\\laravel\\framework\\src\\Illuminate\\Encryption\\EncryptionServiceProvider.php(32): Illuminate\\Encryption\\EncryptionServiceProvider->parseKey(Array)
#4 C:\\Users\\Accor\\Documents\\Programacion\\todo-vue-laravel\\backend\\vendor\\laravel\\framework\\src\\Illuminate\\Container\\Container.php(908): Illuminate\\Encryption\\EncryptionServiceProvider->Illuminate\\Encryption\\{closure}(Object(Illuminate\\Foundation\\Application), Array)
#5 C:\\Users\\Accor\\Documents\\Programacion\\todo-vue-laravel\\backend\\vendor\\laravel\\framework\\src\\Illuminate\\Container\\Container.php(795): Illuminate\\Container\\Container->build(Object(Closure))
#6 C:\\Users\\Accor\\Documents\\Programacion\\todo-vue-laravel\\backend\\vendor\\laravel\\framework\\src\\Illuminate\\Foundation\\Application.php(961): Illuminate\\Container\\Container->resolve('encrypter', Array, true)
#7 C:\\Users\\Accor\\Documents\\Programacion\\todo-vue-laravel\\backend\\vendor\\laravel\\framework\\src\\Illuminate\\Container\\Container.php(731): Illuminate\\Foundation\\Application->resolve('encrypter', Array)
#8 C:\\Users\\Accor\\Documents\\Programacion\\todo-vue-laravel\\backend\\vendor\\laravel\\framework\\src\\Illuminate\\Foundation\\Application.php(946): Illuminate\\Container\\Container->make('encrypter', Array)
#9 C:\\Users\\Accor\\Documents\\Programacion\\todo-vue-laravel\\backend\\vendor\\laravel\\framework\\src\\Illuminate\\Container\\Container.php(1066): Illuminate\\Foundation\\Application->make('encrypter')
#10 C:\\Users\\Accor\\Documents\\Programacion\\todo-vue-laravel\\backend\\vendor\\laravel\\framework\\src\\Illuminate\\Container\\Container.php(982): Illuminate\\Container\\Container->resolveClass(Object(ReflectionParameter))
#11 C:\\Users\\Accor\\Documents\\Programacion\\todo-vue-laravel\\backend\\vendor\\laravel\\framework\\src\\Illuminate\\Container\\Container.php(943): Illuminate\\Container\\Container->resolveDependencies(Array)
#12 C:\\Users\\Accor\\Documents\\Programacion\\todo-vue-laravel\\backend\\vendor\\laravel\\framework\\src\\Illuminate\\Container\\Container.php(795): Illuminate\\Container\\Container->build('App\\\\Http\\\\Middle...')
#13 C:\\Users\\Accor\\Documents\\Programacion\\todo-vue-laravel\\backend\\vendor\\laravel\\framework\\src\\Illuminate\\Foundation\\Application.php(961): Illuminate\\Container\\Container->resolve('App\\\\Http\\\\Middle...', Array, true)
#14 C:\\Users\\Accor\\Documents\\Programacion\\todo-vue-laravel\\backend\\vendor\\laravel\\framework\\src\\Illuminate\\Container\\Container.php(731): Illuminate\\Foundation\\Application->resolve('App\\\\Http\\\\Middle...', Array)
#15 C:\\Users\\Accor\\Documents\\Programacion\\todo-vue-laravel\\backend\\vendor\\laravel\\framework\\src\\Illuminate\\Foundation\\Application.php(946): Illuminate\\Container\\Container->make('App\\\\Http\\\\Middle...', Array)
#16 C:\\Users\\Accor\\Documents\\Programacion\\todo-vue-laravel\\backend\\vendor\\laravel\\framework\\src\\Illuminate\\Pipeline\\Pipeline.php(172): Illuminate\\Foundation\\Application->make('App\\\\Http\\\\Middle...')
#17 C:\\Users\\Accor\\Documents\\Programacion\\todo-vue-laravel\\backend\\vendor\\laravel\\framework\\src\\Illuminate\\Pipeline\\Pipeline.php(119): Illuminate\\Pipeline\\Pipeline->Illuminate\\Pipeline\\{closure}(Object(Illuminate\\Http\\Request))
#18 C:\\Users\\Accor\\Documents\\Programacion\\todo-vue-laravel\\backend\\vendor\\laravel\\framework\\src\\Illuminate\\Routing\\Router.php(805): Illuminate\\Pipeline\\Pipeline->then(Object(Closure))
#19 C:\\Users\\Accor\\Documents\\Programacion\\todo-vue-laravel\\backend\\vendor\\laravel\\framework\\src\\Illuminate\\Routing\\Router.php(784): Illuminate\\Routing\\Router->runRouteWithinStack(Object(Illuminate\\Routing\\Route), Object(Illuminate\\Http\\Request))
#20 C:\\Users\\Accor\\Documents\\Programacion\\todo-vue-laravel\\backend\\vendor\\laravel\\framework\\src\\Illuminate\\Routing\\Router.php(748): Illuminate\\Routing\\Router->runRoute(Object(Illuminate\\Http\\Request), Object(Illuminate\\Routing\\Route))
#21 C:\\Users\\Accor\\Documents\\Programacion\\todo-vue-laravel\\backend\\vendor\\laravel\\framework\\src\\Illuminate\\Routing\\Router.php(737): Illuminate\\Routing\\Router->dispatchToRoute(Object(Illuminate\\Http\\Request))
#22 C:\\Users\\Accor\\Documents\\Programacion\\todo-vue-laravel\\backend\\vendor\\laravel\\framework\\src\\Illuminate\\Foundation\\Http\\Kernel.php(200): Illuminate\\Routing\\Router->dispatch(Object(Illuminate\\Http\\Request))
#23 C:\\Users\\Accor\\Documents\\Programacion\\todo-vue-laravel\\backend\\vendor\\laravel\\framework\\src\\Illuminate\\Pipeline\\Pipeline.php(144): Illuminate\\Foundation\\Http\\Kernel->Illuminate\\Foundation\\Http\\{closure}(Object(Illuminate\\Http\\Request))
#24 C:\\Users\\Accor\\Documents\\Programacion\\todo-vue-laravel\\backend\\vendor\\laravel\\framework\\src\\Illuminate\\Foundation\\Http\\Middleware\\TransformsRequest.php(21): Illuminate\\Pipeline\\Pipeline->Illuminate\\Pipeline\\{closure}(Object(Illuminate\\Http\\Request))
#25 C:\\Users\\Accor\\Documents\\Programacion\\todo-vue-laravel\\backend\\vendor\\laravel\\framework\\src\\Illuminate\\Foundation\\Http\\Middleware\\ConvertEmptyStringsToNull.php(31): Illuminate\\Foundation\\Http\\Middleware\\TransformsRequest->handle(Object(Illuminate\\Http\\Request), Object(Closure))
#26 C:\\Users\\Accor\\Documents\\Programacion\\todo-vue-laravel\\backend\\vendor\\laravel\\framework\\src\\Illuminate\\Pipeline\\Pipeline.php(183): Illuminate\\Foundation\\Http\\Middleware\\ConvertEmptyStringsToNull->handle(Object(Illuminate\\Http\\Request), Object(Closure))
#27 C:\\Users\\Accor\\Documents\\Programacion\\todo-vue-laravel\\backend\\vendor\\laravel\\framework\\src\\Illuminate\\Foundation\\Http\\Middleware\\TransformsRequest.php(21): Illuminate\\Pipeline\\Pipeline->Illuminate\\Pipeline\\{closure}(Object(Illuminate\\Http\\Request))
#28 C:\\Users\\Accor\\Documents\\Programacion\\todo-vue-laravel\\backend\\vendor\\laravel\\framework\\src\\Illuminate\\Foundation\\Http\\Middleware\\TrimStrings.php(40): Illuminate\\Foundation\\Http\\Middleware\\TransformsRequest->handle(Object(Illuminate\\Http\\Request), Object(Closure))
#29 C:\\Users\\Accor\\Documents\\Programacion\\todo-vue-laravel\\backend\\vendor\\laravel\\framework\\src\\Illuminate\\Pipeline\\Pipeline.php(183): Illuminate\\Foundation\\Http\\Middleware\\TrimStrings->handle(Object(Illuminate\\Http\\Request), Object(Closure))
#30 C:\\Users\\Accor\\Documents\\Programacion\\todo-vue-laravel\\backend\\vendor\\laravel\\framework\\src\\Illuminate\\Foundation\\Http\\Middleware\\ValidatePostSize.php(27): Illuminate\\Pipeline\\Pipeline->Illuminate\\Pipeline\\{closure}(Object(Illuminate\\Http\\Request))
#31 C:\\Users\\Accor\\Documents\\Programacion\\todo-vue-laravel\\backend\\vendor\\laravel\\framework\\src\\Illuminate\\Pipeline\\Pipeline.php(183): Illuminate\\Foundation\\Http\\Middleware\\ValidatePostSize->handle(Object(Illuminate\\Http\\Request), Object(Closure))
#32 C:\\Users\\Accor\\Documents\\Programacion\\todo-vue-laravel\\backend\\vendor\\laravel\\framework\\src\\Illuminate\\Foundation\\Http\\Middleware\\PreventRequestsDuringMaintenance.php(99): Illuminate\\Pipeline\\Pipeline->Illuminate\\Pipeline\\{closure}(Object(Illuminate\\Http\\Request))
#33 C:\\Users\\Accor\\Documents\\Programacion\\todo-vue-laravel\\backend\\vendor\\laravel\\framework\\src\\Illuminate\\Pipeline\\Pipeline.php(183): Illuminate\\Foundation\\Http\\Middleware\\PreventRequestsDuringMaintenance->handle(Object(Illuminate\\Http\\Request), Object(Closure))
#34 C:\\Users\\Accor\\Documents\\Programacion\\todo-vue-laravel\\backend\\vendor\\laravel\\framework\\src\\Illuminate\\Http\\Middleware\\HandleCors.php(49): Illuminate\\Pipeline\\Pipeline->Illuminate\\Pipeline\\{closure}(Object(Illuminate\\Http\\Request))
#35 C:\\Users\\Accor\\Documents\\Programacion\\todo-vue-laravel\\backend\\vendor\\laravel\\framework\\src\\Illuminate\\Pipeline\\Pipeline.php(183): Illuminate\\Http\\Middleware\\HandleCors->handle(Object(Illuminate\\Http\\Request), Object(Closure))
#36 C:\\Users\\Accor\\Documents\\Programacion\\todo-vue-laravel\\backend\\vendor\\laravel\\framework\\src\\Illuminate\\Http\\Middleware\\TrustProxies.php(39): Illuminate\\Pipeline\\Pipeline->Illuminate\\Pipeline\\{closure}(Object(Illuminate\\Http\\Request))
#37 C:\\Users\\Accor\\Documents\\Programacion\\todo-vue-laravel\\backend\\vendor\\laravel\\framework\\src\\Illuminate\\Pipeline\\Pipeline.php(183): Illuminate\\Http\\Middleware\\TrustProxies->handle(Object(Illuminate\\Http\\Request), Object(Closure))
#38 C:\\Users\\Accor\\Documents\\Programacion\\todo-vue-laravel\\backend\\vendor\\laravel\\framework\\src\\Illuminate\\Pipeline\\Pipeline.php(119): Illuminate\\Pipeline\\Pipeline->Illuminate\\Pipeline\\{closure}(Object(Illuminate\\Http\\Request))
#39 C:\\Users\\Accor\\Documents\\Programacion\\todo-vue-laravel\\backend\\vendor\\laravel\\framework\\src\\Illuminate\\Foundation\\Http\\Kernel.php(175): Illuminate\\Pipeline\\Pipeline->then(Object(Closure))
#40 C:\\Users\\Accor\\Documents\\Programacion\\todo-vue-laravel\\backend\\vendor\\laravel\\framework\\src\\Illuminate\\Foundation\\Http\\Kernel.php(144): Illuminate\\Foundation\\Http\\Kernel->sendRequestThroughRouter(Object(Illuminate\\Http\\Request))
#41 C:\\Users\\Accor\\Documents\\Programacion\\todo-vue-laravel\\backend\\vendor\\laravel\\framework\\src\\Illuminate\\Foundation\\Testing\\Concerns\\MakesHttpRequests.php(585): Illuminate\\Foundation\\Http\\Kernel->handle(Object(Illuminate\\Http\\Request))
#42 C:\\Users\\Accor\\Documents\\Programacion\\todo-vue-laravel\\backend\\vendor\\laravel\\framework\\src\\Illuminate\\Foundation\\Testing\\Concerns\\MakesHttpRequests.php(346): Illuminate\\Foundation\\Testing\\TestCase->call('GET', '/', Array, Array, Array, Array)
#43 C:\\Users\\Accor\\Documents\\Programacion\\todo-vue-laravel\\backend\\tests\\Feature\\ExampleTest.php(15): Illuminate\\Foundation\\Testing\\TestCase->get('/')
#44 C:\\Users\\Accor\\Documents\\Programacion\\todo-vue-laravel\\backend\\vendor\\phpunit\\phpunit\\src\\Framework\\TestCase.php(1188): Tests\\Feature\\ExampleTest->test_the_application_returns_a_successful_response()
#45 C:\\Users\\Accor\\Documents\\Programacion\\todo-vue-laravel\\backend\\vendor\\laravel\\framework\\src\\Illuminate\\Foundation\\Testing\\TestCase.php(61): PHPUnit\\Framework\\TestCase->runTest()
#46 C:\\Users\\Accor\\Documents\\Programacion\\todo-vue-laravel\\backend\\vendor\\phpunit\\phpunit\\src\\Framework\\TestCase.php(687): Illuminate\\Foundation\\Testing\\TestCase->runTest()
#47 C:\\Users\\Accor\\Documents\\Programacion\\todo-vue-laravel\\backend\\vendor\\phpunit\\phpunit\\src\\Framework\\TestRunner.php(106): PHPUnit\\Framework\\TestCase->runBare()
#48 C:\\Users\\Accor\\Documents\\Programacion\\todo-vue-laravel\\backend\\vendor\\phpunit\\phpunit\\src\\Framework\\TestCase.php(517): PHPUnit\\Framework\\TestRunner->run(Object(Tests\\Feature\\ExampleTest))
#49 C:\\Users\\Accor\\Documents\\Programacion\\todo-vue-laravel\\backend\\vendor\\phpunit\\phpunit\\src\\Framework\\TestSuite.php(380): PHPUnit\\Framework\\TestCase->run()
#50 C:\\Users\\Accor\\Documents\\Programacion\\todo-vue-laravel\\backend\\vendor\\phpunit\\phpunit\\src\\Framework\\TestSuite.php(380): PHPUnit\\Framework\\TestSuite->run()
#51 C:\\Users\\Accor\\Documents\\Programacion\\todo-vue-laravel\\backend\\vendor\\phpunit\\phpunit\\src\\Framework\\TestSuite.php(380): PHPUnit\\Framework\\TestSuite->run()
#52 C:\\Users\\Accor\\Documents\\Programacion\\todo-vue-laravel\\backend\\vendor\\phpunit\\phpunit\\src\\TextUI\\TestRunner.php(64): PHPUnit\\Framework\\TestSuite->run()
#53 C:\\Users\\Accor\\Documents\\Programacion\\todo-vue-laravel\\backend\\vendor\\phpunit\\phpunit\\src\\TextUI\\Application.php(202): PHPUnit\\TextUI\\TestRunner->run(Object(PHPUnit\\TextUI\\Configuration\\Configuration), Object(PHPUnit\\Runner\\ResultCache\\DefaultResultCache), Object(PHPUnit\\Framework\\TestSuite))
#54 C:\\Users\\Accor\\Documents\\Programacion\\todo-vue-laravel\\backend\\vendor\\phpunit\\phpunit\\phpunit(104): PHPUnit\\TextUI\\Application->run(Array)
#55 {main}
"} 
